Diabetes Dataset


Total number of Rows in the dataset: 768
Class    | Number of Rows | Class Percentage
---------------------------------------------
positive | 268            | 34.90%
negative | 500            | 65.10%


Soybean Dataset


Total number of Rows in the dataset: 683
Class                        | Number of Rows | Class Percentage
-----------------------------------------------------------------
 diaporthe-stem-canker       | 20             | 2.93%
 charcoal-rot                | 20             | 2.93%
 rhizoctonia-root-rot        | 20             | 2.93%
 phytophthora-rot            | 88             | 12.88%
 brown-stem-rot              | 44             | 6.44%
 powdery-mildew              | 20             | 2.93%
 downy-mildew                | 20             | 2.93%
 brown-spot                  | 92             | 13.47%
 bacterial-blight            | 20             | 2.93%
 bacterial-pustule           | 20             | 2.93%
 purple-seed-stain           | 20             | 2.93%
 anthracnose                 | 44             | 6.44%
 phyllosticta-leaf-spot      | 20             | 2.93%
 alternarialeaf-spot         | 91             | 13.32%
 frog-eye-leaf-spot          | 91             | 13.32%
 diaporthe-pod-&-stem-blight | 15             | 2.20%
 cyst-nematode               | 14             | 2.05%
 2-4-d-injury                | 16             | 2.34%
 herbicide-injury            | 8              | 1.17%
