|.. 
|.. |.. 
|.. |.. |.. 
|.. |.. |.. |.. 		[4.0, 97.92, 0.0, 74.13, 2.0, 2232.29, 16.17, 27.92]
|.. |.. |.. |.. 		[4.0, 105.2, 0.0, 79.12, 2.0, 2360.88, 17.56, 32.4]
|.. |.. |.. 
|.. |.. |.. |.. 		[4.44, 123.24, 0.0, 74.12, 2.0, 2645.08, 17.08, 24.8]
|.. |.. |.. |.. 		[4.72, 152.58, 0.0, 71.8, 1.0, 2505.48, 16.48, 23.2]
|.. |.. 
|.. |.. |.. 
|.. |.. |.. |.. 		[3.96, 96.68, 0.0, 81.12, 3.0, 2122.88, 16.36, 35.6]
|.. |.. |.. |.. 		[4.28, 111.96, 0.0, 78.64, 3.0, 2346.68, 15.92, 29.2]
|.. |.. |.. 
|.. |.. |.. |.. 		[4.0, 98.76, 0.0, 72.8, 3.0, 2194.72, 16.18, 26.0]
|.. |.. |.. |.. 		[4.08, 117.2, 0.0, 77.68, 1.0, 2336.32, 15.66, 29.2]
|.. 
|.. |.. 
|.. |.. |.. 
|.. |.. |.. |.. 		[4.0, 127.58, 0.0, 81.71, 1.0, 2530.42, 16.52, 30.42]
|.. |.. |.. |.. 		[5.44, 193.12, 0.0, 79.76, 1.0, 3011.52, 16.14, 24.0]
|.. |.. |.. 
|.. |.. |.. |.. 		[6.0, 232.2, 0.0, 74.24, 1.0, 3283.12, 17.14, 20.0]
|.. |.. |.. |.. 		[6.56, 252.64, 0.0, 77.52, 1.0, 3470.64, 16.86, 20.4]
|.. |.. 
|.. |.. |.. 
|.. |.. |.. |.. 		[8.0, 332.12, 0.0, 77.32, 1.0, 4015.76, 13.45, 18.4]
|.. |.. |.. |.. 		[8.0, 327.44, 0.0, 73.92, 1.0, 4092.84, 13.28, 13.6]
|.. |.. |.. 
|.. |.. |.. |.. 		[7.68, 311.6, 0.0, 71.16, 1.0, 3923.76, 13.22, 14.4]
|.. |.. |.. |.. 		[8.0, 408.12, 0.0, 71.28, 1.0, 4407.28, 11.14, 12.4]

                		[5.45, 193.43, 0.0, 76.01, 1.0, 2970.42, 15.57, 23.84]
                	['Clndrs', 'Volume', 'HpX', 'Model', 'origin', 'Lbs-', 'Acc+', 'Mpg+']
evals:  16
