date : 25/03/2024 16:44:48 
file : auto93.csv 
repeat : 20 
seed : 32400 
best:0.17 
tiny:0.06
base bonr9 rand9 bonr15 rand15 bonr20 rand20 rand358
Report8
#
 0,              rand358,  0.17,  0.00, *                   |                   ,  0.17,  0.17,  0.17,  0.17,  0.17
#
 1,               rand20,  0.24,  0.00,    *                |                   ,  0.24,  0.24,  0.24,  0.24,  0.24
#
 2,               bonr20,  0.25,  0.00,     *               |                   ,  0.25,  0.25,  0.25,  0.25,  0.25
#
 3,                bonr9,  0.27,  0.00,      *              |                   ,  0.27,  0.27,  0.27,  0.27,  0.27
#
 4,               bonr15,  0.27,  0.00,      *              |                   ,  0.27,  0.27,  0.27,  0.27,  0.27
#
 5,               rand15,  0.28,  0.00,      *              |                   ,  0.28,  0.28,  0.28,  0.28,  0.28
#
 6,                rand9,  0.40,  0.00,             *       |                   ,  0.40,  0.40,  0.40,  0.40,  0.40
#
 7,                 base,  0.55,  0.16,           ----      *  ----------       ,  0.37,  0.45,  0.55,  0.61,  0.81
