date : 27/03/2024 01:58:41 
file : auto93.csv 
repeat : 20 
seed : 32400 
best:0.17 
tiny:0.06
base bonr9 rand9 bonr15 rand15 bonr20 rand20 rand358
#Report
#
 0,              rand358,  0.17,  0.00, *                   |                   ,  0.17,  0.93
#
 1,               rand20,  0.31,  0.03,     -- *            |                   ,  0.17,  0.93
#
 2,               rand15,  0.33,  0.02,     --- *           |                   ,  0.17,  0.93
 2,                rand9,  0.35,  0.08,  ------  *          |                   ,  0.17,  0.93
#
 3,                bonr9,  0.39,  0.07,      ------*        |                   ,  0.17,  0.93
 3,               bonr15,  0.39,  0.07,     ------ *        |                   ,  0.17,  0.93
 3,               bonr20,  0.41,  0.06,        --   *       |                   ,  0.17,  0.93
#
 4,                 base,  0.55,  0.16,           ----      *                   ,  0.17,  0.93
