Diabetes Dataset


Total number of Rows in the dataset: 768
Class    | Number of Rows | Class Percentage
---------------------------------------------
positive | 268            | 34.90%
negative | 500            | 65.10%


Soybean Dataset


Total number of Rows in the dataset: 683
Class                        | Number of Rows | Class Percentage
-----------------------------------------------------------------
 diaporthe-stem-canker       | 20             | 2.93%
 charcoal-rot                | 20             | 2.93%
 rhizoctonia-root-rot        | 20             | 2.93%
 phytophthora-rot            | 88             | 12.88%
 brown-stem-rot              | 44             | 6.44%
 powdery-mildew              | 20             | 2.93%
 downy-mildew                | 20             | 2.93%
 brown-spot                  | 92             | 13.47%
 bacterial-blight            | 20             | 2.93%
 bacterial-pustule           | 20             | 2.93%
 purple-seed-stain           | 20             | 2.93%
 anthracnose                 | 44             | 6.44%
 phyllosticta-leaf-spot      | 20             | 2.93%
 alternarialeaf-spot         | 91             | 13.32%
 frog-eye-leaf-spot          | 91             | 13.32%
 diaporthe-pod-&-stem-blight | 15             | 2.20%
 cyst-nematode               | 14             | 2.05%
 2-4-d-injury                | 16             | 2.34%
 herbicide-injury            | 8              | 1.17%

Task-03

Accuracy for diabetes.csv: 73.35092348284961

Task-04 Printing Accuracy for different values of k and m for Soybean.csv

File Name            k          m          Accuracy  
soybean.csv          0          0          75.33%    
soybean.csv          0          1          87.22%    
soybean.csv          0          2          84.10%    
soybean.csv          0          3          81.58%    
soybean.csv          1          0          75.33%    
soybean.csv          1          1          87.22%    
soybean.csv          1          2          84.55%    
soybean.csv          1          3          81.87%    
soybean.csv          2          0          75.33%    
soybean.csv          2          1          87.82%    
soybean.csv          2          2          84.70%    
soybean.csv          2          3          82.32%    
soybean.csv          3          0          75.33%    
soybean.csv          3          1          88.26%    
soybean.csv          3          2          84.84%    
soybean.csv          3          3          82.47%   

Best Accuracy is reached at:

    k:3 m:1 , Accuracy= 88.26
