========================================================================================================================
Current random seed:  10
['Lbs-','Acc+','Mpg+']
1. top6:[['2595', '11.3', '30'], ['4502', '13.5', '10'], ['2108', '15.5', '20'], ['2234', '12.5', '30'], ['2171', '16', '30'], ['4955', '11.5', '10']]
2. top50:[[['2595', '11.3', '30'], ['4502', '13.5', '10'], ['2108', '15.5', '20'], ['2234', '12.5', '30'], ['2171', '16', '30'], ['4955', '11.5', '10'], ['3465', '16.6', '20'], ['2671', '13.5', '30'], ['2265', '15.5', '30'], ['3630', '17.7', '20'], ['2665', '13.9', '30'], ['4498', '14.5', '20'], ['4422', '12.5', '10'], ['2130', '14.5', '30'], ['1950', '21', '30'], ['3430', '17.2', '20'], ['4209', '12', '10'], ['3645', '16.2', '20'], ['2833', '15.5', '20'], ['4464', '12', '10'], ['2430', '14.5', '20'], ['4165', '11.4', '20'], ['2155', '14.8', '30'], ['2720', '13.5', '20'], ['3415', '15.8', '20'], ['2025', '18.2', '40'], ['3425', '13.2', '20'], ['1795', '17.4', '30'], ['2330', '13.5', '20'], ['2126', '17', '30'], ['4380', '12.1', '20'], ['2145', '18', '30'], ['3102', '16.5', '20'], ['2065', '17.8', '30'], ['2408', '19', '20'], ['4295', '14.9', '20'], ['2125', '17.3', '40'], ['2984', '14.5', '20'], ['2930', '13.8', '20'], ['2190', '14.1', '30'], ['2815', '14.5', '20'], ['2019', '16.4', '40'], ['1937', '14.2', '30'], ['4376', '15', '10'], ['3459', '16', '20'], ['1613', '18', '40'], ['4215', '13', '20'], ['1915', '14.4', '40'], ['2300', '14.7', '30'], ['2395', '16', '20']]]
3. most: ['2130', '24.6', '40']
4: rand:[2684.      16.125   20.   ]
4: rand:[3082.8    14.68   24.  ]
4: rand:[3686.66666667   15.7          20.        ]
4: rand:[2856.71428571   16.68571429   24.28571429]
4: rand:[3580.       14.0375   16.25  ]
4: rand:[3403.11111111   14.86666667   20.        ]
4: rand:[3185.5    15.45   21.  ]
4: rand:[3101.81818182   16.17272727   23.63636364]
4: rand:[3014.25         14.51666667   22.5       ]
4: rand:[3238.76923077   15.3          21.53846154]
5: mid: [2446.085714285715, 16.46857142857143, 28.285714285714278]
5: mid: [3367.897959183674, 15.004489795918365, 20.44897959183672]
5: mid: [2443.3478260869574, 16.469565217391306, 28.260869565217398]
5: mid: [2309.764999999999, 16.569999999999993, 29.500000000000007]
5: mid: [2310.316582914573, 16.58693467336682, 29.49748743718593]
5: mid: [2310.316582914573, 16.58693467336682, 29.49748743718593]
5: mid: [2310.316582914573, 16.58693467336682, 29.49748743718593]
5: mid: [2308.3787878787884, 16.594949494949486, 29.54545454545454]
5: mid: [2308.3787878787884, 16.594949494949486, 29.54545454545454]
5: mid: [2308.3787878787884, 16.594949494949486, 29.54545454545454]
6: top: ['2035', '22.2', '30']
6: top: ['2035', '22.2', '30']
6: top: ['2035', '22.2', '30']
6: top: ['2035', '22.2', '30']
6: top: ['2035', '22.2', '30']
6: top: ['2035', '22.2', '30']
6: top: ['2035', '22.2', '30']
6: top: ['2035', '22.2', '30']
6: top: ['2035', '22.2', '30']
6: top: ['2035', '22.2', '30']
========================================================================================================================
========================================================================================================================
Current random seed:  91
['Lbs-','Acc+','Mpg+']
1. top6:[['4385', '12', '10'], ['2135', '16.6', '30'], ['3820', '16.7', '20'], ['2210', '14.4', '30'], ['1945', '16.8', '30'], ['4498', '14.5', '20']]
2. top50:[[['4385', '12', '10'], ['2135', '16.6', '30'], ['3820', '16.7', '20'], ['2210', '14.4', '30'], ['1945', '16.8', '30'], ['4498', '14.5', '20'], ['3900', '17.4', '20'], ['2542', '17', '30'], ['2050', '17.3', '40'], ['2930', '13.8', '20'], ['2572', '14.9', '30'], ['1835', '17.3', '40'], ['3620', '18.7', '20'], ['3410', '15.1', '20'], ['4060', '19', '20'], ['2155', '14.8', '30'], ['2945', '14.5', '20'], ['2265', '15.5', '30'], ['2962', '13.5', '20'], ['3288', '15.5', '20'], ['2220', '14', '20'], ['4042', '14.5', '10'], ['4077', '14', '10'], ['2556', '13.2', '30'], ['2672', '17.5', '30'], ['2188', '15.8', '30'], ['2560', '14.2', '30'], ['1925', '14', '30'], ['2807', '13.5', '20'], ['2025', '18.2', '40'], ['2464', '15.5', '30'], ['3039', '15', '20'], ['2815', '14.5', '20'], ['2665', '13.9', '30'], ['2245', '16.9', '30'], ['2264', '15.5', '30'], ['2702', '13.5', '20'], ['2085', '21.7', '40'], ['2226', '16.5', '20'], ['4360', '14.9', '20'], ['3085', '17.6', '20'], ['2615', '14.8', '30'], ['3353', '14.5', '20'], ['2678', '16.5', '30'], ['2774', '15.5', '20'], ['2310', '18.5', '20'], ['4464', '12', '10'], ['1834', '19', '30'], ['4055', '12', '10'], ['2904', '16', '20']]]
3. most: ['2130', '24.6', '40']
4: rand:[3331.75   14.55   20.  ]
4: rand:[2965.6   15.4   26. ]
4: rand:[3117.83333333   14.01666667   25.        ]
4: rand:[2724.57142857   16.95714286   25.71428571]
4: rand:[2684.875   16.45    31.25 ]
4: rand:[3059.88888889   14.82222222   18.88888889]
4: rand:[2992.2    15.71   25.  ]
4: rand:[3284.63636364   14.37272727   20.90909091]
4: rand:[3261.08333333   14.38333333   20.83333333]
4: rand:[3213.69230769   15.03846154   22.30769231]
5: mid: [2678.0, 16.575, 25.0]
5: mid: [2309.736318407962, 16.610447761194028, 29.55223880597016]
5: mid: [2324.5, 16.0375, 28.749999999999996]
5: mid: [2311.9145728643234, 16.587437185929648, 29.54773869346732]
5: mid: [2311.9145728643234, 16.587437185929648, 29.54773869346732]
5: mid: [2310.1060606060596, 16.595454545454526, 29.545454545454547]
5: mid: [2310.1060606060596, 16.595454545454526, 29.545454545454547]
5: mid: [2312.8984771573614, 16.59796954314721, 29.492385786802025]
5: mid: [2312.8984771573614, 16.59796954314721, 29.492385786802025]
5: mid: [2313.3010204081643, 16.618877551020404, 29.48979591836735]
6: top: ['2046', '19', '30']
6: top: ['2046', '19', '30']
6: top: ['2046', '19', '30']
6: top: ['1836', '21', '30']
6: top: ['1836', '21', '30']
6: top: ['1836', '21', '30']
6: top: ['1836', '21', '30']
6: top: ['1836', '21', '30']
6: top: ['1836', '21', '30']
6: top: ['1836', '21', '30']
========================================================================================================================
========================================================================================================================
Current random seed:  60
['Lbs-','Acc+','Mpg+']
1. top6:[['2914', '16', '20'], ['3425', '13.2', '20'], ['2171', '16', '30'], ['3781', '17', '20'], ['2310', '18.5', '20'], ['2789', '15', '20']]
2. top50:[[['2914', '16', '20'], ['3425', '13.2', '20'], ['2171', '16', '30'], ['3781', '17', '20'], ['2310', '18.5', '20'], ['2789', '15', '20'], ['2234', '12.5', '30'], ['2945', '16.4', '30'], ['3070', '16.7', '20'], ['3988', '13', '10'], ['4237', '14.5', '10'], ['2350', '16.8', '30'], ['3672', '11.5', '20'], ['2130', '24.6', '40'], ['2506', '14.5', '20'], ['4363', '13', '10'], ['2984', '14.5', '20'], ['2635', '18.3', '30'], ['4633', '11', '10'], ['2855', '17.6', '20'], ['2370', '13', '40'], ['4220', '11.1', '20'], ['4440', '14', '20'], ['3221', '13.5', '20'], ['1649', '16.5', '30'], ['2575', '16.2', '30'], ['1795', '17.4', '30'], ['3278', '18', '20'], ['2635', '16.4', '30'], ['2380', '20.7', '30'], ['2125', '14.5', '30'], ['1825', '12.2', '30'], ['4735', '11', '10'], ['2065', '14.5', '30'], ['2605', '19.6', '30'], ['3850', '8.5', '20'], ['2807', '13.5', '20'], ['2205', '14.5', '40'], ['4951', '11', '10'], ['3230', '20.4', '30'], ['3139', '14.5', '20'], ['3365', '15.5', '20'], ['3574', '21', '20'], ['2800', '14.4', '30'], ['3270', '21.9', '20'], ['4354', '9', '10'], ['2933', '14.5', '20'], ['3158', '19.5', '20'], ['2634', '13', '20'], ['3725', '13.4', '20']]]
3. most: ['2130', '24.6', '40']
4: rand:[2639.5     17.075   25.   ]
4: rand:[3847.2    13.78   20.  ]
4: rand:[3028.83333333   15.85         20.        ]
4: rand:[2766.           16.1          25.71428571]
4: rand:[3481.5     15.125   22.5  ]
4: rand:[3350.88888889   14.01111111   21.11111111]
4: rand:[2909.6    17.09   27.  ]
4: rand:[2586.54545455   16.09090909   30.        ]
4: rand:[3187.75         14.44166667   20.83333333]
4: rand:[3229.07692308   16.02307692   20.76923077]
5: mid: [2083.6363636363635, 17.136363636363633, 31.818181818181817]
5: mid: [2307.9199999999996, 16.635499999999993, 29.49999999999999]
5: mid: [2448.9275362318845, 16.550724637681164, 28.115942028985515]
5: mid: [2302.108247422681, 16.6798969072165, 29.48453608247422]
5: mid: [2302.108247422681, 16.6798969072165, 29.48453608247422]
5: mid: [2302.108247422681, 16.6798969072165, 29.48453608247422]
5: mid: [2270.5027322404376, 16.6256830601093, 29.672131147541]
5: mid: [2307.2653061224482, 16.621428571428584, 29.387755102040817]
5: mid: [2307.415384615383, 16.62717948717949, 29.435897435897434]
5: mid: [2309.6855670103096, 16.612371134020588, 29.432989690721655]
6: top: ['2255', '17.7', '30']
6: top: ['2255', '17.7', '30']
6: top: ['2125', '14.7', '40']
6: top: ['2125', '14.7', '40']
6: top: ['2125', '14.7', '40']
6: top: ['2125', '14.7', '40']
6: top: ['2125', '14.7', '40']
6: top: ['2335', '23.7', '40']
6: top: ['2335', '23.7', '40']
6: top: ['2335', '23.7', '40']
========================================================================================================================
========================================================================================================================
Current random seed:  67
['Lbs-','Acc+','Mpg+']
1. top6:[['4209', '12', '10'], ['3892', '12.5', '20'], ['1985', '21.5', '40'], ['2905', '14.3', '20'], ['2945', '16.4', '30'], ['2405', '14.9', '20']]
2. top50:[[['4209', '12', '10'], ['3892', '12.5', '20'], ['1985', '21.5', '40'], ['2905', '14.3', '20'], ['2945', '16.4', '30'], ['2405', '14.9', '20'], ['2868', '15.5', '20'], ['2380', '20.7', '30'], ['2108', '15.5', '20'], ['2189', '18', '30'], ['1950', '19', '30'], ['3630', '17.7', '20'], ['3725', '13.4', '20'], ['1925', '14', '30'], ['4100', '13', '10'], ['2350', '16.8', '30'], ['3955', '13.2', '20'], ['3735', '13.2', '20'], ['4422', '12.5', '10'], ['4141', '14', '20'], ['2930', '13.8', '20'], ['3449', '10.5', '20'], ['3399', '11', '20'], ['2556', '13.2', '30'], ['4457', '13.5', '10'], ['2265', '15.5', '30'], ['2914', '16', '20'], ['3205', '11.2', '20'], ['3900', '17.4', '20'], ['2135', '16.6', '30'], ['3664', '11', '10'], ['2694', '15', '20'], ['1990', '17', '30'], ['2202', '15.3', '30'], ['2320', '15.8', '30'], ['4498', '14.5', '20'], ['3781', '17', '20'], ['2945', '14.5', '20'], ['2130', '14.5', '30'], ['4382', '13.5', '10'], ['2164', '22.1', '20'], ['3613', '16.5', '20'], ['1965', '15.7', '30'], ['1985', '19.4', '30'], ['1795', '17.5', '30'], ['2506', '14.5', '20'], ['1995', '16.2', '40'], ['2795', '15.7', '20'], ['4668', '11.5', '20'], ['2545', '17', '20']]]
3. most: ['2130', '24.6', '40']
4: rand:[3701.      14.625   17.5  ]
4: rand:[3079.6   17.3   22. ]
4: rand:[3737.33333333   15.95         20.        ]
4: rand:[3475.28571429   14.51428571   17.14285714]
4: rand:[3200.       14.4375   21.25  ]
4: rand:[2911.11111111   16.52222222   25.55555556]
4: rand:[3161.9    14.15   21.  ]
4: rand:[3068.09090909   15.99090909   24.54545455]
4: rand:[2964.           15.81666667   25.83333333]
4: rand:[3029.61538462   15.19230769   23.84615385]
5: mid: [2440.971428571428, 16.538571428571426, 28.428571428571423]
5: mid: [2299.9202898550725, 16.539130434782614, 29.782608695652176]
5: mid: [2329.8556701030925, 16.711340206185564, 31.44329896907217]
5: mid: [2306.1313131313136, 16.615656565656572, 29.595959595959595]
5: mid: [2306.1313131313136, 16.615656565656572, 29.595959595959595]
5: mid: [2307.076142131978, 16.621319796954307, 29.593908629441625]
5: mid: [2307.076142131978, 16.621319796954307, 29.593908629441625]
5: mid: [2307.076142131978, 16.621319796954307, 29.593908629441625]
5: mid: [2307.076142131978, 16.621319796954307, 29.593908629441625]
5: mid: [2307.387755102041, 16.634693877551022, 29.591836734693874]
6: top: ['2408', '19', '20']
6: top: ['2070', '18.6', '40']
6: top: ['2070', '18.6', '40']
6: top: ['2070', '18.6', '40']
6: top: ['2070', '18.6', '40']
6: top: ['2070', '18.6', '40']
6: top: ['2070', '18.6', '40']
6: top: ['2070', '18.6', '40']
6: top: ['2070', '18.6', '40']
6: top: ['2070', '18.6', '40']
========================================================================================================================
========================================================================================================================
Current random seed:  32
['Lbs-','Acc+','Mpg+']
1. top6:[['4464', '11.5', '10'], ['2774', '15.5', '20'], ['3433', '12', '20'], ['3102', '16.5', '20'], ['2188', '15.8', '30'], ['3785', '19', '20']]
2. top50:[[['4464', '11.5', '10'], ['2774', '15.5', '20'], ['3433', '12', '20'], ['3102', '16.5', '20'], ['2188', '15.8', '30'], ['3785', '19', '20'], ['2300', '14.5', '30'], ['4499', '12.5', '10'], ['2125', '17.3', '40'], ['4294', '16', '10'], ['4657', '13.5', '10'], ['3155', '18.2', '20'], ['2870', '18.1', '30'], ['3360', '16.6', '20'], ['3940', '13.2', '10'], ['1834', '19', '30'], ['2245', '16.9', '30'], ['2720', '15.4', '30'], ['2945', '14.5', '20'], ['2065', '14.5', '30'], ['4732', '18.5', '10'], ['2670', '15', '30'], ['3432', '21', '20'], ['2100', '16.5', '30'], ['4633', '11', '10'], ['1955', '20.5', '30'], ['4080', '13.7', '20'], ['3735', '13.2', '20'], ['2370', '13', '40'], ['2740', '16', '20'], ['4096', '13', '10'], ['2587', '16', '20'], ['4082', '13', '20'], ['4098', '14', '10'], ['2202', '15.3', '30'], ['3761', '9.5', '20'], ['4668', '11.5', '20'], ['2865', '16.4', '20'], ['4951', '11', '10'], ['2489', '15', '20'], ['3821', '11', '10'], ['2070', '18.6', '40'], ['2125', '14.5', '30'], ['2600', '12.8', '20'], ['3021', '16.5', '20'], ['3897', '18.5', '20'], ['2945', '16.4', '30'], ['3651', '17.7', '20'], ['2451', '16.5', '30'], ['4220', '11.1', '20']]]
3. most: ['2130', '24.6', '40']
4: rand:[2919.75    16.675   22.5  ]
4: rand:[2823.     14.46   22.  ]
4: rand:[2747.           17.71666667   26.66666667]
4: rand:[2977.           15.9          24.28571429]
4: rand:[2874.       16.4625   26.25  ]
4: rand:[3382.33333333   14.56666667   23.33333333]
4: rand:[3118.     15.93   21.  ]
4: rand:[2921.36363636   14.46363636   23.63636364]
4: rand:[3130.75   15.5    22.5 ]
4: rand:[2984.           16.6          25.38461538]
5: mid: [2322.0, 19.8, 34.0]
5: mid: [2306.75806451613, 16.531182795698925, 29.83870967741936]
5: mid: [2306.75806451613, 16.531182795698925, 29.83870967741936]
5: mid: [2306.5585106382964, 16.52021276595745, 29.84042553191487]
5: mid: [2310.1564625850338, 16.402040816326522, 29.31972789115646]
5: mid: [2303.74, 16.579999999999984, 29.500000000000004]
5: mid: [2309.883561643836, 16.399315068493134, 29.31506849315068]
5: mid: [2304.5125628140704, 16.588442211055277, 29.497487437185935]
5: mid: [2304.5125628140704, 16.588442211055277, 29.497487437185935]
5: mid: [2304.156565656567, 16.583838383838373, 29.4949494949495]
6: top: ['1985', '21.5', '40']
6: top: ['1985', '21.5', '40']
6: top: ['1985', '21.5', '40']
6: top: ['1985', '21.5', '40']
6: top: ['1985', '21.5', '40']
6: top: ['1985', '21.5', '40']
6: top: ['1985', '21.5', '40']
6: top: ['1985', '21.5', '40']
6: top: ['1985', '21.5', '40']
6: top: ['1985', '21.5', '40']
========================================================================================================================
========================================================================================================================
Current random seed:  14
['Lbs-','Acc+','Mpg+']
1. top6:[['4341', '10', '20'], ['3160', '19.6', '30'], ['2150', '14.9', '30'], ['1875', '16.4', '40'], ['1965', '15.7', '30'], ['2202', '15.3', '30']]
2. top50:[[['4341', '10', '20'], ['3160', '19.6', '30'], ['2150', '14.9', '30'], ['1875', '16.4', '40'], ['1965', '15.7', '30'], ['2202', '15.3', '30'], ['3830', '15.2', '20'], ['3264', '16', '20'], ['1975', '19.4', '40'], ['3620', '18.7', '20'], ['2990', '18.2', '20'], ['2434', '15', '40'], ['3086', '10', '10'], ['2265', '15.2', '30'], ['2375', '17.5', '30'], ['3102', '16.5', '20'], ['2572', '14.9', '30'], ['2210', '14.4', '30'], ['2694', '15', '20'], ['2639', '17', '20'], ['3777', '12.5', '20'], ['2330', '13.5', '20'], ['3121', '16.5', '20'], ['2965', '15.8', '20'], ['2795', '15.7', '20'], ['3282', '15', '20'], ['2833', '15.5', '20'], ['2720', '19.4', '30'], ['2205', '14.5', '40'], ['2700', '12.9', '30'], ['3278', '18', '20'], ['4498', '14.5', '20'], ['2288', '17', '30'], ['2350', '16.8', '30'], ['2290', '17', '30'], ['3270', '21.9', '20'], ['4190', '13', '20'], ['4997', '14', '10'], ['2335', '23.7', '40'], ['4425', '10', '10'], ['3399', '11', '20'], ['1845', '15.3', '30'], ['2648', '15', '20'], ['5140', '12', '10'], ['4385', '12', '10'], ['1613', '18', '40'], ['3725', '13.4', '20'], ['3415', '15.8', '20'], ['3035', '20.5', '20'], ['1937', '14.2', '30']]]
3. most: ['2130', '24.6', '40']
4: rand:[3085.25    12.925   20.   ]
4: rand:[3118.2   16.3   22. ]
4: rand:[3006.83333333   14.43333333   21.66666667]
4: rand:[3165.42857143   16.37142857   21.42857143]
4: rand:[2703.25     17.1625   23.75  ]
4: rand:[2952.           15.92222222   25.55555556]
4: rand:[3253.8   15.3   20. ]
4: rand:[2688.90909091   16.02727273   26.36363636]
4: rand:[3370.75         14.60833333   22.5       ]
4: rand:[3147.30769231   15.3          21.53846154]
5: mid: [2658.72602739726, 16.472602739726018, 24.931506849315067]
5: mid: [2635.894736842107, 16.291447368421046, 26.447368421052648]
5: mid: [2490.8470588235305, 16.73176470588235, 27.725490196078443]
5: mid: [2385.731818181819, 16.71181818181818, 28.863636363636367]
5: mid: [2365.407239819006, 16.564253393665165, 29.004524886877824]
5: mid: [2306.839999999997, 16.582, 29.549999999999986]
5: mid: [2360.9004524886864, 16.465158371040733, 29.0497737556561]
5: mid: [2309.1608040201004, 16.588442211055277, 29.547738693467338]
5: mid: [2305.6565656565635, 16.570707070707066, 29.595959595959595]
5: mid: [2305.6565656565635, 16.570707070707066, 29.595959595959595]
6: top: ['3211', '17', '20']
6: top: ['3211', '17', '20']
6: top: ['2635', '16.4', '30']
6: top: ['2019', '16.4', '40']
6: top: ['2019', '16.4', '40']
6: top: ['2019', '16.4', '40']
6: top: ['2019', '16.4', '40']
6: top: ['2019', '16.4', '40']
6: top: ['2019', '16.4', '40']
6: top: ['2019', '16.4', '40']
========================================================================================================================
========================================================================================================================
Current random seed:  18
['Lbs-','Acc+','Mpg+']
1. top6:[['3449', '10.5', '20'], ['3399', '11', '20'], ['2065', '17.8', '30'], ['2672', '17.5', '30'], ['2587', '16', '20'], ['2984', '14.5', '20']]
2. top50:[[['3449', '10.5', '20'], ['3399', '11', '20'], ['2065', '17.8', '30'], ['2672', '17.5', '30'], ['2587', '16', '20'], ['2984', '14.5', '20'], ['3880', '12.5', '20'], ['1950', '21', '30'], ['2575', '16.2', '30'], ['2451', '16.5', '30'], ['3329', '15.5', '20'], ['2620', '14.4', '30'], ['2408', '19.5', '20'], ['2542', '17', '30'], ['2310', '18.5', '20'], ['3193', '17.8', '20'], ['3940', '13', '20'], ['1975', '15.2', '30'], ['3777', '12.5', '20'], ['3155', '18.2', '20'], ['1834', '19', '30'], ['1795', '17.4', '30'], ['4380', '12.1', '20'], ['3459', '16', '20'], ['4335', '14.5', '20'], ['3785', '19', '20'], ['3520', '16.4', '20'], ['2395', '16', '20'], ['2219', '16.5', '30'], ['2585', '14.5', '30'], ['4080', '13.7', '20'], ['2190', '14.2', '30'], ['2070', '18.6', '40'], ['3288', '15.5', '20'], ['2582', '14', '20'], ['1995', '16.2', '40'], ['4382', '13.5', '10'], ['2401', '19.5', '20'], ['2745', '16.7', '20'], ['3139', '14.5', '20'], ['2150', '14.9', '30'], ['3190', '24.8', '30'], ['2875', '17', '20'], ['2711', '15.5', '30'], ['1867', '19.5', '30'], ['2202', '15.3', '30'], ['3211', '17', '20'], ['3264', '16', '20'], ['2065', '14.5', '30'], ['3102', '16.5', '20']]]
3. most: ['2130', '24.6', '40']
4: rand:[2699.75   16.6    27.5 ]
4: rand:[2901.8    16.48   26.  ]
4: rand:[3044.           15.23333333   23.33333333]
4: rand:[2336.14285714   14.01428571   28.57142857]
4: rand:[2778.       16.0625   26.25  ]
4: rand:[2762.66666667   16.56666667   25.55555556]
4: rand:[3148.6    15.08   20.  ]
4: rand:[2777.90909091   15.99090909   26.36363636]
4: rand:[3067.91666667   15.85833333   23.33333333]
4: rand:[3178.84615385   13.86153846   20.76923077]
5: mid: [2764.636363636364, 15.645454545454545, 26.363636363636363]
5: mid: [2785.5, 15.889999999999999, 26.0]
5: mid: [3324.2000000000007, 15.644999999999998, 22.999999999999996]
5: mid: [2310.190217391306, 16.57554347826087, 29.891304347826093]
5: mid: [2233.8089171974516, 16.673885350318464, 30.31847133757962]
5: mid: [2233.0422535211273, 16.690140845070417, 30.211267605633815]
5: mid: [2242.544303797468, 16.706962025316468, 30.25316455696203]
5: mid: [2242.544303797468, 16.706962025316468, 30.25316455696203]
5: mid: [2242.646616541352, 16.676691729323302, 30.225563909774426]
5: mid: [2313.382653061226, 16.624999999999993, 29.438775510204085]
6: top: ['2200', '13.2', '30']
6: top: ['2200', '13.2', '30']
6: top: ['2200', '13.2', '30']
6: top: ['1755', '16.9', '40']
6: top: ['1755', '16.9', '40']
6: top: ['1755', '16.9', '40']
6: top: ['1755', '16.9', '40']
6: top: ['1755', '16.9', '40']
6: top: ['1755', '16.9', '40']
6: top: ['1755', '16.9', '40']
========================================================================================================================
========================================================================================================================
Current random seed:  15
['Lbs-','Acc+','Mpg+']
1. top6:[['3445', '13.4', '20'], ['4997', '14', '10'], ['2130', '14.5', '30'], ['1975', '19.4', '40'], ['4098', '14', '10'], ['4141', '14', '20']]
2. top50:[[['3445', '13.4', '20'], ['4997', '14', '10'], ['2130', '14.5', '30'], ['1975', '19.4', '40'], ['4098', '14', '10'], ['4141', '14', '20'], ['2984', '14.5', '20'], ['4456', '13.5', '10'], ['3169', '12', '10'], ['2075', '15.9', '30'], ['3439', '15.5', '20'], ['1985', '16', '30'], ['2379', '16.5', '20'], ['2144', '14.7', '40'], ['3892', '12.5', '20'], ['2226', '16.5', '20'], ['2572', '14.9', '30'], ['1613', '18', '40'], ['3245', '15.4', '20'], ['3381', '18.7', '20'], ['2904', '16', '20'], ['2330', '13.5', '20'], ['2472', '14', '20'], ['2789', '15', '20'], ['3465', '16.6', '20'], ['2720', '13.5', '20'], ['3570', '12.8', '20'], ['3121', '16.5', '20'], ['3221', '13.5', '20'], ['2565', '13.6', '30'], ['2430', '14.5', '20'], ['2124', '13.5', '20'], ['2171', '16', '30'], ['2126', '17', '30'], ['2372', '15', '20'], ['1950', '21', '30'], ['4154', '13.5', '10'], ['2671', '13.5', '30'], ['2625', '18.6', '30'], ['2833', '15.5', '20'], ['2865', '16.4', '20'], ['2670', '16', '30'], ['2965', '15.8', '20'], ['1836', '21', '30'], ['2375', '17.5', '30'], ['2745', '16.7', '20'], ['4354', '9', '10'], ['2265', '15.5', '30'], ['4952', '11.5', '10'], ['3193', '17.8', '20']]]
3. most: ['2130', '24.6', '40']
4: rand:[2543.25   17.2    22.5 ]
4: rand:[2929.2    16.14   24.  ]
4: rand:[2955.33333333   14.95         21.66666667]
4: rand:[2803.57142857   15.74285714   30.        ]
4: rand:[3244.125   14.1     18.75 ]
4: rand:[3072.33333333   15.71111111   23.33333333]
4: rand:[3080.1    15.07   20.  ]
4: rand:[3133.72727273   15.61818182   20.        ]
4: rand:[2985.           14.21666667   20.83333333]
4: rand:[2930.69230769   15.60769231   25.38461538]
5: mid: [2298.214285714286, 16.328571428571433, 30.0]
5: mid: [2290.047120418846, 16.595811518324616, 29.685863874345554]
5: mid: [2220.1184210526303, 16.679605263157896, 30.39473684210526]
5: mid: [2220.1184210526303, 16.679605263157896, 30.39473684210526]
5: mid: [2302.6410256410254, 16.64974358974359, 29.64102564102564]
5: mid: [2302.680412371133, 16.675773195876285, 29.639175257731967]
5: mid: [2277.043715846994, 16.658469945355197, 29.836065573770497]
5: mid: [2309.8520408163245, 16.652551020408158, 29.591836734693878]
5: mid: [2309.8520408163245, 16.652551020408158, 29.591836734693878]
5: mid: [2206.8878504672903, 16.94485981308411, 32.897196261682225]
6: top: ['2135', '16.6', '30']
6: top: ['2135', '16.6', '30']
6: top: ['2135', '16.6', '30']
6: top: ['2135', '16.6', '30']
6: top: ['2135', '16.6', '30']
6: top: ['2135', '16.6', '30']
6: top: ['2135', '16.6', '30']
6: top: ['2135', '16.6', '30']
6: top: ['2135', '16.6', '30']
6: top: ['3015', '17', '40']
========================================================================================================================
========================================================================================================================
Current random seed:  77
['Lbs-','Acc+','Mpg+']
1. top6:[['3940', '13', '20'], ['3155', '18.2', '20'], ['3880', '12.5', '20'], ['3574', '21', '20'], ['3840', '15.4', '20'], ['4135', '13.5', '20']]
2. top50:[[['3940', '13', '20'], ['3155', '18.2', '20'], ['3880', '12.5', '20'], ['3574', '21', '20'], ['3840', '15.4', '20'], ['4135', '13.5', '20'], ['2990', '18.2', '20'], ['2300', '15.5', '30'], ['2464', '15.5', '30'], ['2051', '17', '30'], ['3785', '19', '20'], ['3433', '12', '20'], ['2125', '14.5', '30'], ['1970', '17.6', '30'], ['2065', '17.8', '30'], ['2391', '15.5', '30'], ['4615', '14', '10'], ['3381', '18.7', '20'], ['5140', '12', '10'], ['2300', '14.5', '30'], ['3820', '16.7', '20'], ['3140', '13.6', '20'], ['2585', '14.5', '30'], ['2254', '23.5', '20'], ['3329', '15.5', '20'], ['3360', '16.6', '20'], ['2830', '15.9', '20'], ['3777', '12.5', '20'], ['4077', '14', '10'], ['2288', '17', '30'], ['3282', '15', '20'], ['2790', '15.6', '30'], ['2720', '15.4', '30'], ['3725', '13.4', '20'], ['2945', '16', '20'], ['2335', '23.7', '40'], ['3609', '8', '10'], ['4096', '13', '10'], ['3520', '16.4', '20'], ['2200', '13.2', '30'], ['2155', '16.4', '30'], ['2865', '16.4', '20'], ['1845', '15.3', '30'], ['3190', '24.8', '30'], ['4464', '11.5', '10'], ['4657', '13.5', '10'], ['3436', '11', '20'], ['3380', '15.8', '20'], ['2160', '14.5', '40'], ['4457', '13.5', '10']]]
3. most: ['2130', '24.6', '40']
4: rand:[2744.25   14.95   20.  ]
4: rand:[2855.2   16.7   22. ]
4: rand:[2991.83333333   16.2          25.        ]
4: rand:[2527.42857143   15.67142857   32.85714286]
4: rand:[3149.25     15.5875   22.5   ]
4: rand:[3155.11111111   15.01111111   21.11111111]
4: rand:[3119.8    16.65   23.  ]
4: rand:[3143.           15.11818182   21.81818182]
4: rand:[2654.75         16.36666667   27.5       ]
4: rand:[3407.46153846   15.41538462   22.30769231]
5: mid: [2308.860696517413, 16.64577114427861, 29.552238805970152]
5: mid: [2308.860696517413, 16.64577114427861, 29.552238805970152]
5: mid: [2308.860696517413, 16.64577114427861, 29.552238805970152]
5: mid: [2308.860696517413, 16.64577114427861, 29.552238805970152]
5: mid: [2308.554999999998, 16.663999999999994, 29.50000000000001]
5: mid: [2306.1105527638188, 16.668844221105534, 29.547738693467338]
5: mid: [2306.702020202022, 16.662121212121217, 29.545454545454547]
5: mid: [2385.156682027651, 16.567741935483866, 28.84792626728111]
5: mid: [2378.680555555554, 16.558796296296293, 28.935185185185198]
5: mid: [2359.4579439252334, 16.54672897196262, 29.112149532710287]
6: top: ['2385', '12.9', '30']
6: top: ['2385', '12.9', '30']
6: top: ['2385', '12.9', '30']
6: top: ['2385', '12.9', '30']
6: top: ['2370', '13', '40']
6: top: ['2370', '13', '40']
6: top: ['2189', '18', '30']
6: top: ['2189', '18', '30']
6: top: ['2189', '18', '30']
6: top: ['2189', '18', '30']
========================================================================================================================
========================================================================================================================
Current random seed:  44
['Lbs-','Acc+','Mpg+']
1. top6:[['2905', '14.3', '20'], ['2130', '14.5', '30'], ['2670', '15', '30'], ['2150', '14.9', '30'], ['3892', '12.5', '20'], ['3955', '13.2', '20']]
2. top50:[[['2905', '14.3', '20'], ['2130', '14.5', '30'], ['2670', '15', '30'], ['2150', '14.9', '30'], ['3892', '12.5', '20'], ['3955', '13.2', '20'], ['2890', '17.3', '20'], ['2945', '16', '20'], ['3210', '17.2', '20'], ['5140', '12', '10'], ['1835', '17.3', '40'], ['2335', '23.7', '40'], ['2670', '16', '30'], ['4633', '11', '10'], ['4657', '13.5', '10'], ['4141', '14', '20'], ['3725', '19', '30'], ['2395', '18', '30'], ['3102', '16.5', '20'], ['1985', '16', '30'], ['2542', '17.5', '30'], ['2835', '14.7', '20'], ['2135', '16.6', '30'], ['2745', '16.7', '20'], ['2245', '16.9', '30'], ['2615', '14.8', '30'], ['3155', '18.2', '20'], ['2795', '15.7', '20'], ['3086', '10', '10'], ['2226', '16.5', '20'], ['3535', '19.2', '20'], ['2230', '14.5', '30'], ['4668', '11.5', '20'], ['3761', '9.5', '20'], ['2565', '13.6', '30'], ['4425', '10', '10'], ['1825', '12.2', '30'], ['4457', '13.5', '10'], ['3264', '16', '20'], ['2965', '15.8', '20'], ['3850', '8.5', '20'], ['2000', '16', '30'], ['2110', '19.2', '40'], ['4422', '12.5', '10'], ['2472', '14', '20'], ['2220', '14', '20'], ['4638', '16', '10'], ['2755', '15.8', '30'], ['2300', '15.5', '30'], ['3140', '13.6', '20']]]
3. most: ['2130', '24.6', '40']
4: rand:[3331.5     16.225   20.   ]
4: rand:[3900.4    14.66   18.  ]
4: rand:[2978.83333333   15.18333333   25.        ]
4: rand:[2434.14285714   15.6          27.14285714]
4: rand:[2914.125   17.45    28.75 ]
4: rand:[3040.44444444   14.21111111   24.44444444]
4: rand:[3221.1    15.35   26.  ]
4: rand:[3200.54545455   14.91818182   21.81818182]
4: rand:[3259.75         14.3          21.66666667]
4: rand:[2907.92307692   16.2          22.30769231]
5: mid: [2047.8924731182788, 17.136559139784946, 32.580645161290306]
5: mid: [2304.9200000000005, 16.613999999999983, 29.55]
5: mid: [2303.4773869346727, 16.60452261306533, 29.59798994974875]
5: mid: [2303.4773869346727, 16.60452261306533, 29.59798994974875]
5: mid: [2303.4773869346727, 16.60452261306533, 29.59798994974875]
5: mid: [2303.4773869346727, 16.60452261306533, 29.59798994974875]
5: mid: [2301.6262626262615, 16.607575757575763, 29.59595959595959]
5: mid: [2301.6262626262615, 16.607575757575763, 29.59595959595959]
5: mid: [2299.8071065989825, 16.62081218274111, 29.644670050761423]
5: mid: [2299.8071065989825, 16.62081218274111, 29.644670050761423]
6: top: ['2045', '16.2', '30']
6: top: ['2045', '16.2', '30']
6: top: ['2045', '16.2', '30']
6: top: ['2045', '16.2', '30']
6: top: ['2045', '16.2', '30']
6: top: ['2045', '16.2', '30']
6: top: ['2045', '16.2', '30']
6: top: ['2045', '16.2', '30']
6: top: ['2045', '16.2', '30']
6: top: ['2045', '16.2', '30']
========================================================================================================================
========================================================================================================================
Current random seed:  72
['Lbs-','Acc+','Mpg+']
1. top6:[['3086', '10', '10'], ['1845', '15.3', '30'], ['2019', '16.4', '40'], ['3907', '21', '20'], ['2472', '14', '20'], ['2188', '15.8', '30']]
2. top50:[[['3086', '10', '10'], ['1845', '15.3', '30'], ['2019', '16.4', '40'], ['3907', '21', '20'], ['2472', '14', '20'], ['2188', '15.8', '30'], ['2560', '14.2', '30'], ['1773', '19', '30'], ['3353', '14.5', '20'], ['2914', '16', '20'], ['2085', '21.7', '40'], ['1980', '15.3', '40'], ['2210', '14.4', '30'], ['2074', '19.5', '30'], ['4440', '14', '20'], ['2150', '14.9', '30'], ['1985', '16', '30'], ['2401', '19.5', '20'], ['3613', '16.5', '20'], ['2890', '17.3', '20'], ['4054', '14.3', '20'], ['2542', '17.5', '30'], ['4746', '12', '10'], ['1975', '15.2', '30'], ['2933', '14.5', '20'], ['2126', '17', '30'], ['3664', '11', '10'], ['2740', '16', '20'], ['4425', '10', '10'], ['2408', '19.5', '20'], ['4042', '14.5', '10'], ['2265', '18.2', '30'], ['3265', '18.2', '20'], ['4952', '11.5', '10'], ['3420', '22.2', '20'], ['3620', '18.7', '20'], ['2901', '16', '20'], ['2875', '17', '20'], ['2945', '14.5', '20'], ['3139', '14.5', '20'], ['2110', '19.2', '40'], ['2189', '18', '30'], ['2045', '18.5', '30'], ['3645', '16.2', '20'], ['2515', '14.8', '20'], ['2711', '15.5', '30'], ['2300', '14.5', '30'], ['3672', '11.5', '20'], ['2582', '14', '20'], ['2725', '12.6', '20']]]
3. most: ['2130', '24.6', '40']
4: rand:[3783.5    15.05   17.5 ]
4: rand:[2963.    13.6   20. ]
4: rand:[2645.33333333   16.76666667   31.66666667]
4: rand:[2705.85714286   16.58571429   24.28571429]
4: rand:[2808.25     14.3875   26.25  ]
4: rand:[2440.88888889   16.36666667   27.77777778]
4: rand:[3002.1    14.86   21.  ]
4: rand:[2704.81818182   16.63636364   25.45454545]
4: rand:[2392.16666667   16.14166667   26.66666667]
4: rand:[2596.53846154   17.28461538   27.69230769]
5: mid: [2307.125748502994, 16.789221556886222, 29.70059880239522]
5: mid: [2311.564999999999, 16.588499999999986, 29.549999999999997]
5: mid: [2311.095477386936, 16.596984924623115, 29.59798994974876]
5: mid: [2311.095477386936, 16.596984924623115, 29.59798994974876]
5: mid: [2311.095477386936, 16.596984924623115, 29.59798994974876]
5: mid: [2436.328467153285, 16.5970802919708, 30.583941605839414]
5: mid: [2371.477477477475, 16.470270270270266, 28.963963963963973]
5: mid: [2371.477477477475, 16.470270270270266, 28.963963963963973]
5: mid: [2434.797546012269, 16.422699386503066, 29.877300613496946]
5: mid: [2429.25, 16.449375000000003, 30.062499999999996]
6: top: ['1825', '18.6', '40']
6: top: ['1825', '18.6', '40']
6: top: ['1825', '18.6', '40']
6: top: ['1825', '18.6', '40']
6: top: ['1825', '18.6', '40']
6: top: ['1825', '18.6', '40']
6: top: ['1825', '18.6', '40']
6: top: ['1825', '18.6', '40']
6: top: ['1825', '18.6', '40']
6: top: ['1825', '18.6', '40']
========================================================================================================================
========================================================================================================================
Current random seed:  61
['Lbs-','Acc+','Mpg+']
1. top6:[['1963', '15.5', '30'], ['3329', '15.5', '20'], ['2464', '15.5', '30'], ['3288', '15.5', '20'], ['2830', '15.9', '20'], ['3365', '15.5', '20']]
2. top50:[[['1963', '15.5', '30'], ['3329', '15.5', '20'], ['2464', '15.5', '30'], ['3288', '15.5', '20'], ['2830', '15.9', '20'], ['3365', '15.5', '20'], ['2335', '23.7', '40'], ['1975', '15.2', '30'], ['5140', '12', '10'], ['1955', '20.5', '30'], ['2795', '15.7', '20'], ['1755', '16.9', '40'], ['4354', '9', '10'], ['2745', '16.7', '20'], ['2671', '13.5', '30'], ['3380', '15.8', '20'], ['4220', '11.1', '20'], ['2587', '16', '20'], ['2720', '19.4', '30'], ['4382', '13.5', '10'], ['2255', '17.7', '30'], ['2395', '18', '30'], ['4042', '14.5', '10'], ['2045', '18.5', '30'], ['4380', '12.1', '20'], ['2648', '15', '20'], ['4746', '12', '10'], ['2702', '13.5', '20'], ['4054', '14.3', '20'], ['3158', '19.5', '20'], ['3035', '20.5', '20'], ['2408', '19.5', '20'], ['2990', '18.2', '20'], ['2979', '19.5', '20'], ['2930', '13.8', '20'], ['3060', '17.1', '20'], ['2230', '14.5', '30'], ['3233', '15.4', '20'], ['2575', '16.2', '30'], ['2000', '16', '30'], ['4360', '14.9', '20'], ['2190', '14.1', '30'], ['3302', '15.5', '20'], ['2372', '15', '20'], ['2725', '12.6', '20'], ['3613', '16.5', '20'], ['4440', '14', '20'], ['3449', '10.5', '20'], ['3940', '13.2', '10'], ['2670', '15', '30']]]
3. most: ['2130', '24.6', '40']
4: rand:[3283.75   15.75   22.5 ]
4: rand:[2960.2   15.2   26. ]
4: rand:[3150.33333333   14.23333333   23.33333333]
4: rand:[3537.           13.54285714   18.57142857]
4: rand:[3095.875   15.375   22.5  ]
4: rand:[2287.66666667   16.88888889   27.77777778]
4: rand:[3095.     15.09   24.  ]
4: rand:[2700.90909091   17.44545455   25.45454545]
4: rand:[2955.75         16.00833333   20.83333333]
4: rand:[2738.07692308   16.74615385   25.38461538]
5: mid: [3035.0, 20.5, 20.0]
5: mid: [2703.136363636364, 16.959090909090907, 24.999999999999996]
5: mid: [2703.136363636364, 16.959090909090907, 24.999999999999996]
5: mid: [2703.136363636364, 16.959090909090907, 24.999999999999996]
5: mid: [2303.620000000001, 16.589499999999997, 29.549999999999986]
5: mid: [2303.620000000001, 16.589499999999997, 29.549999999999986]
5: mid: [2304.321608040202, 16.561809045226145, 29.597989949748733]
5: mid: [2301.8181818181824, 16.572727272727278, 29.59595959595959]
5: mid: [2301.472081218274, 16.59086294416244, 29.543147208121827]
5: mid: [2296.5306122448974, 16.563775510204085, 29.59183673469387]
6: top: ['2735', '18', '30']
6: top: ['2735', '18', '30']
6: top: ['2735', '18', '30']
6: top: ['2735', '18', '30']
6: top: ['1867', '19.5', '30']
6: top: ['1867', '19.5', '30']
6: top: ['1867', '19.5', '30']
6: top: ['1867', '19.5', '30']
6: top: ['1867', '19.5', '30']
6: top: ['1867', '19.5', '30']
========================================================================================================================
========================================================================================================================
Current random seed:  16
['Lbs-','Acc+','Mpg+']
1. top6:[['2408', '19', '20'], ['2720', '15.4', '30'], ['1835', '20.5', '30'], ['3425', '13.2', '20'], ['3420', '22.2', '20'], ['3021', '16.5', '20']]
2. top50:[[['2408', '19', '20'], ['2720', '15.4', '30'], ['1835', '20.5', '30'], ['3425', '13.2', '20'], ['3420', '22.2', '20'], ['3021', '16.5', '20'], ['2740', '16', '20'], ['4376', '15', '10'], ['2905', '14.3', '20'], ['2120', '15.5', '30'], ['1760', '16.1', '40'], ['3302', '15.5', '20'], ['3785', '19', '20'], ['2045', '18.5', '30'], ['2933', '14.5', '20'], ['4997', '14', '10'], ['2408', '19.5', '20'], ['2807', '13.5', '20'], ['2587', '16', '20'], ['2910', '11.4', '30'], ['4325', '12.2', '20'], ['2155', '14.8', '30'], ['3651', '17.7', '20'], ['4906', '12.5', '10'], ['3139', '14.5', '20'], ['1975', '19.4', '40'], ['3940', '13', '20'], ['4951', '11', '10'], ['3781', '17', '20'], ['2155', '16.5', '30'], ['2019', '16.4', '40'], ['2720', '19.4', '30'], ['5140', '12', '10'], ['2220', '16.9', '30'], ['2126', '17', '30'], ['2074', '19.5', '30'], ['2000', '16', '30'], ['2320', '15.8', '30'], ['2125', '14.7', '40'], ['3121', '16.5', '20'], ['2434', '15', '40'], ['2110', '17.9', '50'], ['1875', '16.4', '40'], ['2430', '14.5', '20'], ['4077', '14', '10'], ['3039', '15', '20'], ['1963', '15.5', '30'], ['2278', '15.5', '20'], ['2700', '12.9', '30'], ['1925', '14', '30']]]
3. most: ['2130', '24.6', '40']
4: rand:[2383.25   19.     30.  ]
4: rand:[3423.8    13.62   20.  ]
4: rand:[2815.16666667   16.56666667   25.        ]
4: rand:[3015.14285714   14.82857143   20.        ]
4: rand:[2559.125   15.75    28.75 ]
4: rand:[2746.55555556   15.15555556   25.55555556]
4: rand:[3149.1    15.53   19.  ]
4: rand:[3066.63636364   15.80909091   25.45454545]
4: rand:[3548.16666667   15.1          19.16666667]
4: rand:[3125.61538462   16.2          21.53846154]
5: mid: [3204.932432432433, 16.466216216216207, 20.945945945945944]
5: mid: [3204.666666666666, 16.33333333333333, 20.8641975308642]
5: mid: [2541.4358974358975, 16.273504273504283, 28.034188034188038]
5: mid: [2312.2162162162167, 16.487162162162168, 29.391891891891895]
5: mid: [2312.2162162162167, 16.487162162162168, 29.391891891891895]
5: mid: [2311.8095238095234, 16.497278911564617, 29.455782312925162]
5: mid: [2311.8095238095234, 16.497278911564617, 29.455782312925162]
5: mid: [2309.0753424657532, 16.50410958904109, 29.45205479452055]
5: mid: [2309.0753424657532, 16.50410958904109, 29.45205479452055]
5: mid: [2309.0753424657532, 16.50410958904109, 29.45205479452055]
6: top: ['2900', '12.6', '30']
6: top: ['2900', '12.6', '30']
6: top: ['2125', '17.3', '40']
6: top: ['2125', '17.3', '40']
6: top: ['2125', '17.3', '40']
6: top: ['2125', '17.3', '40']
6: top: ['2125', '17.3', '40']
6: top: ['2125', '17.3', '40']
6: top: ['2125', '17.3', '40']
6: top: ['2125', '17.3', '40']
========================================================================================================================
========================================================================================================================
Current random seed:  38
['Lbs-','Acc+','Mpg+']
1. top6:[['2635', '18.3', '30'], ['2430', '14.5', '20'], ['2108', '15.5', '20'], ['1875', '16.4', '40'], ['2205', '14.5', '40'], ['4215', '12.8', '10']]
2. top50:[[['2635', '18.3', '30'], ['2430', '14.5', '20'], ['2108', '15.5', '20'], ['1875', '16.4', '40'], ['2205', '14.5', '40'], ['4215', '12.8', '10'], ['4354', '9', '10'], ['2395', '16', '20'], ['2188', '15.8', '30'], ['2220', '16.9', '30'], ['3353', '14.5', '20'], ['4464', '12', '10'], ['3250', '21.8', '30'], ['2350', '16.8', '30'], ['3410', '15.8', '20'], ['2135', '16.6', '30'], ['2472', '14', '20'], ['3430', '17.2', '20'], ['2868', '15.5', '20'], ['2500', '15.1', '40'], ['3380', '15.8', '20'], ['1950', '19', '30'], ['1800', '14.4', '40'], ['2914', '16', '20'], ['2900', '12.6', '30'], ['1937', '14.2', '30'], ['3900', '17.4', '20'], ['3121', '16.5', '20'], ['2051', '17', '30'], ['4129', '13', '10'], ['2640', '18.6', '30'], ['1950', '21', '30'], ['4325', '12.2', '20'], ['3012', '17.6', '20'], ['2202', '15.3', '30'], ['3830', '15.2', '20'], ['4997', '14', '10'], ['2890', '17.3', '20'], ['1755', '16.9', '40'], ['2300', '14.7', '30'], ['2145', '18', '30'], ['2190', '14.1', '30'], ['2265', '18.2', '30'], ['4499', '12.5', '10'], ['3433', '12', '20'], ['2300', '15.5', '30'], ['1985', '21.5', '40'], ['3525', '19', '20'], ['4135', '13.5', '20'], ['3158', '19.5', '20']]]
3. most: ['2130', '24.6', '40']
4: rand:[3147.      13.825   22.5  ]
4: rand:[2623.     16.44   28.  ]
4: rand:[3258.33333333   14.16666667   23.33333333]
4: rand:[3460.57142857   13.82857143   18.57142857]
4: rand:[2384.125   15.65    30.   ]
4: rand:[3427.66666667   14.84444444   21.11111111]
4: rand:[3158.7    14.54   22.  ]
4: rand:[2847.45454545   14.58181818   26.36363636]
4: rand:[2878.66666667   16.43333333   24.16666667]
4: rand:[3043.           15.13846154   23.07692308]
5: mid: [2123.125, 16.65, 35.0]
5: mid: [2294.174603174602, 16.61111111111111, 29.629629629629633]
5: mid: [2310.407960199007, 16.59253731343283, 29.502487562189053]
5: mid: [2309.460000000001, 16.600000000000012, 29.449999999999978]
5: mid: [2309.460000000001, 16.600000000000012, 29.449999999999978]
5: mid: [2309.460000000001, 16.600000000000012, 29.449999999999978]
5: mid: [2309.460000000001, 16.600000000000012, 29.449999999999978]
5: mid: [2307.824120603013, 16.60100502512563, 29.447236180904508]
5: mid: [2308.823232323232, 16.594444444444438, 29.343434343434346]
5: mid: [2396.884210526315, 16.730526315789472, 32.00000000000001]
6: top: ['2065', '17.8', '30']
6: top: ['2065', '17.8', '30']
6: top: ['2065', '17.8', '30']
6: top: ['2065', '17.8', '30']
6: top: ['2065', '17.8', '30']
6: top: ['2065', '17.8', '30']
6: top: ['2065', '17.8', '30']
6: top: ['2065', '17.8', '30']
6: top: ['2110', '17.9', '50']
6: top: ['2110', '17.9', '50']
========================================================================================================================
========================================================================================================================
Current random seed:  30
['Lbs-','Acc+','Mpg+']
1. top6:[['2490', '15.7', '30'], ['3210', '17.2', '20'], ['2385', '12.9', '30'], ['4274', '12', '10'], ['1950', '19', '30'], ['2665', '13.9', '30']]
2. top50:[[['2490', '15.7', '30'], ['3210', '17.2', '20'], ['2385', '12.9', '30'], ['4274', '12', '10'], ['1950', '19', '30'], ['2665', '13.9', '30'], ['3504', '12', '20'], ['2634', '13', '20'], ['4735', '11', '10'], ['2694', '15', '20'], ['2815', '14.5', '20'], ['2020', '19.2', '30'], ['4295', '14.9', '20'], ['4096', '13', '10'], ['2671', '13.5', '30'], ['4382', '13.5', '10'], ['1834', '19', '30'], ['3410', '15.1', '20'], ['4746', '12', '10'], ['3086', '10', '10'], ['4668', '11.5', '20'], ['2074', '19.5', '30'], ['2735', '18', '30'], ['3900', '17.4', '20'], ['2295', '11.6', '30'], ['3039', '15', '20'], ['2300', '14.7', '30'], ['4312', '8.5', '10'], ['2950', '19.9', '40'], ['4499', '12.5', '10'], ['3645', '16.2', '20'], ['2605', '19.6', '30'], ['1795', '17.5', '30'], ['3381', '18.7', '20'], ['2108', '15.5', '20'], ['2625', '18.6', '30'], ['4457', '13.5', '10'], ['1795', '17.4', '30'], ['3630', '17.7', '20'], ['2635', '18.3', '30'], ['2678', '16.5', '30'], ['3761', '9.5', '20'], ['2190', '14.1', '30'], ['1963', '15.5', '30'], ['3651', '17.7', '20'], ['4440', '14', '20'], ['2245', '16.9', '30'], ['3150', '15.7', '20'], ['3940', '13', '20'], ['2585', '14.5', '30']]]
3. most: ['2130', '24.6', '40']
4: rand:[2375.      16.825   32.5  ]
4: rand:[3717.    13.7   18. ]
4: rand:[3373.5          14.26666667   20.        ]
4: rand:[3114.           16.68571429   22.85714286]
4: rand:[2268.25   16.95   28.75]
4: rand:[2971.55555556   16.48888889   22.22222222]
4: rand:[3239.6    15.33   25.  ]
4: rand:[3074.63636364   16.08181818   23.63636364]
4: rand:[3172.58333333   15.3          18.33333333]
4: rand:[2947.76923077   15.43076923   22.30769231]
5: mid: [2324.0819672131147, 16.754098360655735, 29.016393442622956]
5: mid: [2812.43722943723, 15.318614718614716, 25.151515151515145]
5: mid: [2299.979797979798, 16.630303030303022, 29.646464646464636]
5: mid: [2200.3525641025644, 16.662179487179486, 30.320512820512818]
5: mid: [2200.3525641025644, 16.662179487179486, 30.320512820512818]
5: mid: [2200.3525641025644, 16.662179487179486, 30.320512820512818]
5: mid: [2308.61809045226, 16.62613065326633, 29.49748743718592]
5: mid: [2308.61809045226, 16.62613065326633, 29.49748743718592]
5: mid: [2308.61809045226, 16.62613065326633, 29.49748743718592]
5: mid: [2307.651515151514, 16.63383838383838, 29.444444444444454]
6: top: ['2065', '14.5', '30']
6: top: ['2065', '14.5', '30']
6: top: ['1990', '17', '30']
6: top: ['1760', '16.1', '40']
6: top: ['1760', '16.1', '40']
6: top: ['1760', '16.1', '40']
6: top: ['1760', '16.1', '40']
6: top: ['1760', '16.1', '40']
6: top: ['1760', '16.1', '40']
6: top: ['1760', '16.1', '40']
========================================================================================================================
========================================================================================================================
Current random seed:  62
['Lbs-','Acc+','Mpg+']
1. top6:[['2219', '16.5', '30'], ['3820', '16.7', '20'], ['4354', '9', '10'], ['3785', '19', '20'], ['2220', '16.9', '30'], ['3651', '17.7', '20']]
2. top50:[[['2219', '16.5', '30'], ['3820', '16.7', '20'], ['4354', '9', '10'], ['3785', '19', '20'], ['2220', '16.9', '30'], ['3651', '17.7', '20'], ['2615', '14.8', '30'], ['3245', '15.4', '20'], ['3410', '15.8', '20'], ['2870', '18.1', '30'], ['3907', '21', '20'], ['4498', '14.5', '20'], ['4382', '13.5', '10'], ['3282', '15', '20'], ['1990', '14.9', '30'], ['2110', '19.2', '40'], ['3399', '11', '20'], ['4274', '12', '10'], ['3530', '20.1', '30'], ['2130', '14.7', '40'], ['2130', '14.5', '30'], ['4952', '11.5', '10'], ['2401', '19.5', '20'], ['2135', '16.6', '30'], ['1836', '21', '30'], ['1875', '16.4', '40'], ['1975', '15.2', '30'], ['3436', '11', '20'], ['1980', '15.3', '40'], ['4154', '13.5', '10'], ['3430', '17.2', '20'], ['2800', '14.4', '30'], ['2672', '17.5', '30'], ['2605', '19.6', '30'], ['1975', '19.4', '40'], ['3160', '19.6', '30'], ['2694', '15', '20'], ['3221', '13.5', '20'], ['2434', '15', '40'], ['2408', '19', '20'], ['2335', '23.7', '40'], ['4955', '11.5', '10'], ['2914', '16', '20'], ['3210', '17.2', '20'], ['3250', '21.8', '30'], ['2660', '14', '20'], ['2130', '24.6', '40'], ['2385', '12.9', '30'], ['3381', '18.7', '20'], ['4215', '13', '20']]]
3. most: ['2130', '24.6', '40']
4: rand:[3068.75    15.725   25.   ]
4: rand:[3247.     14.22   24.  ]
4: rand:[3023.     18.65   20.  ]
4: rand:[2722.71428571   14.55714286   22.85714286]
4: rand:[2963.5      15.6375   25.    ]
4: rand:[2920.11111111   14.15555556   22.22222222]
4: rand:[3016.3    15.16   24.  ]
4: rand:[3190.45454545   14.01818182   21.81818182]
4: rand:[3043.66666667   16.14166667   24.16666667]
4: rand:[2980.23076923   16.43846154   21.53846154]
5: mid: [2302.59217877095, 16.721787709497203, 29.720670391061457]
5: mid: [2676.4372469635646, 16.384210526315783, 27.408906882591108]
5: mid: [2423.3364928909987, 16.846919431279613, 28.815165876777247]
5: mid: [2380.3298429319375, 16.88691099476439, 29.52879581151832]
5: mid: [2278.935828877005, 16.614438502673792, 29.62566844919786]
5: mid: [2278.935828877005, 16.614438502673792, 29.62566844919786]
5: mid: [2312.615, 16.608000000000008, 29.399999999999988]
5: mid: [2313.1708542713573, 16.61457286432162, 29.39698492462311]
5: mid: [2311.7222222222235, 16.63383838383838, 29.44444444444445]
5: mid: [2309.2944162436543, 16.639086294416234, 29.441624365482237]
6: top: ['1965', '15', '40']
6: top: ['1965', '15', '40']
6: top: ['1965', '15', '40']
6: top: ['1965', '15', '40']
6: top: ['2050', '17.3', '40']
6: top: ['2050', '17.3', '40']
6: top: ['2050', '17.3', '40']
6: top: ['2050', '17.3', '40']
6: top: ['2050', '17.3', '40']
6: top: ['2050', '17.3', '40']
========================================================================================================================
========================================================================================================================
Current random seed:  64
['Lbs-','Acc+','Mpg+']
1. top6:[['2300', '15.5', '30'], ['3336', '17', '20'], ['1970', '17.6', '30'], ['2051', '17', '30'], ['3035', '20.5', '20'], ['2300', '14.7', '30']]
2. top50:[[['2300', '15.5', '30'], ['3336', '17', '20'], ['1970', '17.6', '30'], ['2051', '17', '30'], ['3035', '20.5', '20'], ['2300', '14.7', '30'], ['2145', '18', '30'], ['4456', '13.5', '10'], ['3725', '13.4', '20'], ['2901', '16', '20'], ['2320', '15.8', '30'], ['2720', '19.4', '30'], ['4080', '13.7', '20'], ['2188', '15.8', '30'], ['2665', '13.9', '30'], ['3439', '15.5', '20'], ['4154', '13.5', '10'], ['3420', '22.2', '20'], ['2930', '13.8', '20'], ['3880', '12.5', '20'], ['2160', '14.5', '40'], ['4499', '12.5', '10'], ['4385', '12', '10'], ['2335', '23.7', '40'], ['1945', '16.8', '30'], ['4376', '15', '10'], ['3755', '14', '10'], ['4380', '12.1', '20'], ['3693', '11.5', '20'], ['2525', '16', '30'], ['4363', '13', '10'], ['1825', '12.2', '30'], ['2310', '18.5', '20'], ['3139', '14.5', '20'], ['2490', '15.7', '30'], ['3193', '17.8', '20'], ['3672', '11.5', '10'], ['4274', '12', '10'], ['2542', '17', '30'], ['2694', '15', '20'], ['2774', '15.5', '20'], ['2408', '19.5', '20'], ['4140', '13.7', '20'], ['2123', '14', '30'], ['2660', '14', '20'], ['2795', '15.7', '20'], ['2870', '18.1', '30'], ['2914', '16', '20'], ['2511', '18', '20'], ['2189', '18', '30']]]
3. most: ['2130', '24.6', '40']
4: rand:[3187.    16.2   20. ]
4: rand:[3168.4    17.34   24.  ]
4: rand:[2655.           14.83333333   28.33333333]
4: rand:[2739.42857143   15.9          25.71428571]
4: rand:[2473.75   16.1    27.5 ]
4: rand:[3249.88888889   15.68888889   23.33333333]
4: rand:[2881.5    13.97   23.  ]
4: rand:[3013.45454545   15.48181818   25.45454545]
4: rand:[2954.75         16.05833333   22.5       ]
4: rand:[2758.07692308   16.11538462   25.38461538]
5: mid: [3213.7777777777774, 16.470833333333335, 20.694444444444443]
5: mid: [2567.315068493153, 16.481849315068487, 26.986301369863018]
5: mid: [2431.9393939393935, 15.682828282828286, 27.373737373737367]
5: mid: [2431.9393939393935, 15.682828282828286, 27.373737373737367]
5: mid: [2309.691542288557, 16.608955223880603, 29.502487562189057]
5: mid: [2309.691542288557, 16.608955223880603, 29.502487562189057]
5: mid: [2318.353741496599, 16.461904761904755, 29.387755102040817]
5: mid: [2312.0600000000004, 16.58699999999999, 29.5]
5: mid: [2310.6130653266323, 16.606030150753774, 29.547738693467334]
5: mid: [2290.666666666666, 16.68201058201059, 29.84126984126982]
6: top: ['3155', '18.2', '20']
6: top: ['2320', '15.8', '30']
6: top: ['2320', '15.8', '30']
6: top: ['2320', '15.8', '30']
6: top: ['1990', '17', '30']
6: top: ['1990', '17', '30']
6: top: ['1990', '17', '30']
6: top: ['1836', '21', '30']
6: top: ['1836', '21', '30']
6: top: ['1836', '21', '30']
========================================================================================================================
========================================================================================================================
Current random seed:  36
['Lbs-','Acc+','Mpg+']
1. top6:[['3380', '15.8', '20'], ['3940', '13.2', '10'], ['4951', '11', '10'], ['3425', '13.2', '20'], ['4154', '13.5', '10'], ['4732', '18.5', '10']]
2. top50:[[['3380', '15.8', '20'], ['3940', '13.2', '10'], ['4951', '11', '10'], ['3425', '13.2', '20'], ['4154', '13.5', '10'], ['4732', '18.5', '10'], ['2255', '17.7', '30'], ['2575', '16.2', '30'], ['3955', '13.2', '20'], ['3830', '15.2', '20'], ['2901', '16', '20'], ['1800', '16.4', '40'], ['2665', '13.9', '30'], ['2702', '13.5', '20'], ['2511', '18', '20'], ['2155', '16.4', '30'], ['1755', '16.9', '40'], ['2670', '15', '30'], ['4464', '11.5', '10'], ['2219', '16.5', '30'], ['2725', '12.6', '20'], ['1950', '21', '30'], ['2506', '14.5', '20'], ['2472', '14', '20'], ['2592', '18.5', '20'], ['3410', '15.1', '20'], ['2904', '16', '20'], ['4220', '11.1', '20'], ['3336', '17', '20'], ['3725', '19', '30'], ['2300', '14.5', '30'], ['2150', '14.9', '30'], ['3725', '13.4', '20'], ['2100', '16.5', '30'], ['3365', '15.5', '20'], ['3672', '11.5', '20'], ['2265', '15.5', '30'], ['2711', '15.5', '30'], ['3155', '18.2', '20'], ['2123', '14', '30'], ['4335', '14.5', '20'], ['4615', '14', '10'], ['1845', '15.3', '30'], ['2220', '14', '20'], ['1963', '15.5', '30'], ['4140', '13.7', '20'], ['2962', '13.5', '20'], ['3420', '22.2', '20'], ['3233', '15.4', '20'], ['3445', '13.4', '20']]]
3. most: ['2130', '24.6', '40']
4: rand:[3109.5    15.05   22.5 ]
4: rand:[2613.6    17.82   22.  ]
4: rand:[2796.33333333   16.23333333   21.66666667]
4: rand:[3044.42857143   15.12857143   21.42857143]
4: rand:[2820.75     16.3875   22.5   ]
4: rand:[2964.66666667   14.68888889   23.33333333]
4: rand:[2827.     14.79   28.  ]
4: rand:[3820.54545455   15.98181818   19.09090909]
4: rand:[2651.83333333   14.7          25.83333333]
4: rand:[2735.61538462   15.64615385   24.61538462]
5: mid: [2919.1484374999977, 15.699739583333331, 24.14062500000001]
5: mid: [2947.1534526854225, 15.622250639386188, 23.964194373401522]
5: mid: [2571.132653061224, 16.485034013605453, 26.904761904761894]
5: mid: [2583.2702702702672, 16.504729729729714, 26.75675675675677]
5: mid: [2308.9203980099496, 16.603482587064672, 29.353233830845788]
5: mid: [2310.8399999999997, 16.616499999999984, 29.349999999999998]
5: mid: [2310.8399999999997, 16.616499999999984, 29.349999999999998]
5: mid: [2310.8399999999997, 16.616499999999984, 29.349999999999998]
5: mid: [2311.2562814070343, 16.62964824120604, 29.346733668341713]
5: mid: [2311.2562814070343, 16.62964824120604, 29.346733668341713]
6: top: ['2500', '15.1', '40']
6: top: ['2500', '15.1', '40']
6: top: ['2500', '15.1', '40']
6: top: ['2110', '17.9', '50']
6: top: ['2110', '17.9', '50']
6: top: ['2110', '17.9', '50']
6: top: ['2110', '17.9', '50']
6: top: ['2110', '17.9', '50']
6: top: ['2110', '17.9', '50']
6: top: ['2110', '17.9', '50']
========================================================================================================================
========================================================================================================================
Current random seed:  56
['Lbs-','Acc+','Mpg+']
1. top6:[['2155', '16.4', '30'], ['4997', '14', '10'], ['2900', '12.6', '30'], ['2665', '13.9', '30'], ['1834', '19', '30'], ['2807', '13.5', '20']]
2. top50:[[['2155', '16.4', '30'], ['4997', '14', '10'], ['2900', '12.6', '30'], ['2665', '13.9', '30'], ['1834', '19', '30'], ['2807', '13.5', '20'], ['2670', '15', '30'], ['2430', '14.5', '20'], ['1613', '18', '40'], ['2124', '13.5', '20'], ['4457', '13.5', '10'], ['3353', '14.5', '20'], ['2230', '14.5', '30'], ['4312', '8.5', '10'], ['2648', '15', '20'], ['1925', '14', '30'], ['3620', '18.7', '20'], ['1867', '19.5', '30'], ['3445', '13.4', '20'], ['4906', '12.5', '10'], ['2050', '17.3', '40'], ['3504', '12', '20'], ['4699', '14.5', '10'], ['2035', '22.2', '30'], ['2464', '15.5', '30'], ['4140', '13.7', '20'], ['3085', '17.6', '20'], ['2075', '15.9', '30'], ['4274', '12', '10'], ['3632', '18', '20'], ['2220', '14', '20'], ['3830', '15.2', '20'], ['3907', '21', '20'], ['1755', '16.9', '40'], ['2190', '14.1', '30'], ['3193', '17.8', '20'], ['2110', '17.9', '50'], ['2962', '13.5', '20'], ['2164', '22.1', '20'], ['3672', '11.5', '20'], ['1980', '15.3', '40'], ['3432', '21', '20'], ['2615', '14.8', '30'], ['3755', '14', '10'], ['2774', '15.5', '20'], ['2100', '16.5', '30'], ['1795', '17.4', '30'], ['3449', '10.5', '20'], ['3140', '13.6', '20'], ['4380', '12.1', '20']]]
3. most: ['2130', '24.6', '40']
4: rand:[3644.5     17.225   22.5  ]
4: rand:[2253.6    15.42   26.  ]
4: rand:[2665.66666667   16.76666667   28.33333333]
4: rand:[2552.71428571   16.35714286   28.57142857]
4: rand:[2669.5    17.4    23.75]
4: rand:[2756.44444444   16.           22.22222222]
4: rand:[3037.5   14.7   22. ]
4: rand:[2717.09090909   16.57272727   24.54545455]
4: rand:[2943.25         16.29166667   25.83333333]
4: rand:[3386.30769231   14.34615385   23.07692308]
5: mid: [2308.9751243781106, 16.634825870646768, 29.502487562189064]
5: mid: [2308.9751243781106, 16.634825870646768, 29.502487562189064]
5: mid: [2308.9751243781106, 16.634825870646768, 29.502487562189064]
5: mid: [2307.219999999999, 16.648000000000007, 29.55]
5: mid: [2309.391959798993, 16.64924623115578, 29.497487437185935]
5: mid: [2310.2979797979806, 16.65909090909091, 29.444444444444457]
5: mid: [2312.7106598984783, 16.639593908629447, 29.44162436548224]
5: mid: [2312.7106598984783, 16.639593908629447, 29.44162436548224]
5: mid: [2309.867346938775, 16.632142857142867, 29.438775510204096]
5: mid: [2311.584615384616, 16.639487179487165, 29.435897435897445]
6: top: ['2264', '15.5', '30']
6: top: ['2264', '15.5', '30']
6: top: ['2264', '15.5', '30']
6: top: ['2264', '15.5', '30']
6: top: ['1875', '16.4', '40']
6: top: ['1875', '16.4', '40']
6: top: ['1875', '16.4', '40']
6: top: ['1875', '16.4', '40']
6: top: ['1875', '16.4', '40']
6: top: ['1875', '16.4', '40']
========================================================================================================================
========================================================================================================================
Current random seed:  45
['Lbs-','Acc+','Mpg+']
1. top6:[['3211', '17', '20'], ['3420', '22.2', '20'], ['2189', '18', '30'], ['2634', '13', '20'], ['4096', '13', '10'], ['3102', '16.5', '20']]
2. top50:[[['3211', '17', '20'], ['3420', '22.2', '20'], ['2189', '18', '30'], ['2634', '13', '20'], ['4096', '13', '10'], ['3102', '16.5', '20'], ['2226', '16.5', '20'], ['4906', '12.5', '10'], ['3086', '10', '10'], ['2234', '12.5', '30'], ['4997', '14', '10'], ['4135', '13.5', '20'], ['3425', '13.2', '20'], ['3777', '12.5', '20'], ['3150', '15.7', '20'], ['2050', '17.3', '40'], ['1990', '17', '30'], ['4098', '14', '10'], ['1649', '16.5', '30'], ['4312', '8.5', '10'], ['3962', '13.9', '20'], ['2110', '17.9', '50'], ['3781', '17', '20'], ['3436', '11', '20'], ['1980', '15.3', '40'], ['2108', '15.5', '20'], ['4209', '12', '10'], ['2051', '17', '30'], ['2725', '12.6', '20'], ['4054', '14.3', '20'], ['2045', '16.2', '30'], ['3940', '13.2', '10'], ['4502', '13.5', '10'], ['3820', '16.7', '20'], ['2830', '15.9', '20'], ['3525', '19', '20'], ['3245', '15.4', '20'], ['3060', '17.1', '20'], ['4457', '13.5', '10'], ['2420', '12.5', '20'], ['3672', '11.5', '10'], ['4951', '11', '10'], ['3380', '15.8', '20'], ['3265', '18.2', '20'], ['2254', '23.5', '20'], ['2735', '18', '30'], ['2065', '17.8', '30'], ['2300', '14.7', '30'], ['2720', '19.4', '30'], ['1773', '19', '30']]]
3. most: ['2130', '24.6', '40']
4: rand:[3362.75    16.625   17.5  ]
4: rand:[2687.8    14.42   26.  ]
4: rand:[3569.5          14.13333333   20.        ]
4: rand:[3426.42857143   15.75714286   18.57142857]
4: rand:[2847.625    16.7125   23.75  ]
4: rand:[2602.           16.7          25.55555556]
4: rand:[2810.2    15.25   24.  ]
4: rand:[2778.54545455   14.91818182   22.72727273]
4: rand:[2972.83333333   14.10833333   24.16666667]
4: rand:[3015.61538462   15.52307692   24.61538462]
5: mid: [2321.7049180327876, 16.69180327868852, 29.016393442622956]
5: mid: [2303.875000000001, 16.58549999999999, 29.64999999999999]
5: mid: [2302.427135678392, 16.575879396984927, 29.698492462311563]
5: mid: [2304.030303030301, 16.578787878787878, 29.696969696969692]
5: mid: [2304.030303030301, 16.578787878787878, 29.696969696969692]
5: mid: [2304.030303030301, 16.578787878787878, 29.696969696969692]
5: mid: [2304.030303030301, 16.578787878787878, 29.696969696969692]
5: mid: [2304.030303030301, 16.578787878787878, 29.696969696969692]
5: mid: [2302.1979695431482, 16.592385786802037, 29.695431472081214]
5: mid: [2303.7653061224496, 16.59438775510204, 29.642857142857146]
6: top: ['2188', '15.8', '30']
6: top: ['2188', '15.8', '30']
6: top: ['2188', '15.8', '30']
6: top: ['1985', '16', '30']
6: top: ['1985', '16', '30']
6: top: ['1985', '16', '30']
6: top: ['1985', '16', '30']
6: top: ['1985', '16', '30']
6: top: ['1985', '16', '30']
6: top: ['1995', '16.2', '40']
========================================================================================================================
