
Diabetes.csv Dataset

Total number of Rows in the dataset 768
+----+----------+------------------+--------------------+
|    | Class    |   Number of Rows |   Class Percentage |
+====+==========+==================+====================+
|  0 | negative |              500 |            65.1042 |
+----+----------+------------------+--------------------+
|  1 | positive |              268 |            34.8958 |
+----+----------+------------------+--------------------+


soybeans.csv Dataset

Total number of Rows in the dataset 683
+----+-----------------------------+------------------+--------------------+
|    | Class                       |   Number of Rows |   Class Percentage |
+====+=============================+==================+====================+
|  0 | brown-spot                  |               92 |           13.47    |
+----+-----------------------------+------------------+--------------------+
|  1 | frog-eye-leaf-spot          |               91 |           13.3236  |
+----+-----------------------------+------------------+--------------------+
|  2 | alternarialeaf-spot         |               91 |           13.3236  |
+----+-----------------------------+------------------+--------------------+
|  3 | phytophthora-rot            |               88 |           12.8843  |
+----+-----------------------------+------------------+--------------------+
|  4 | brown-stem-rot              |               44 |            6.44217 |
+----+-----------------------------+------------------+--------------------+
|  5 | anthracnose                 |               44 |            6.44217 |
+----+-----------------------------+------------------+--------------------+
|  6 | diaporthe-stem-canker       |               20 |            2.92826 |
+----+-----------------------------+------------------+--------------------+
|  7 | purple-seed-stain           |               20 |            2.92826 |
+----+-----------------------------+------------------+--------------------+
|  8 | phyllosticta-leaf-spot      |               20 |            2.92826 |
+----+-----------------------------+------------------+--------------------+
|  9 | bacterial-pustule           |               20 |            2.92826 |
+----+-----------------------------+------------------+--------------------+
| 10 | charcoal-rot                |               20 |            2.92826 |
+----+-----------------------------+------------------+--------------------+
| 11 | bacterial-blight            |               20 |            2.92826 |
+----+-----------------------------+------------------+--------------------+
| 12 | downy-mildew                |               20 |            2.92826 |
+----+-----------------------------+------------------+--------------------+
| 13 | powdery-mildew              |               20 |            2.92826 |
+----+-----------------------------+------------------+--------------------+
| 14 | rhizoctonia-root-rot        |               20 |            2.92826 |
+----+-----------------------------+------------------+--------------------+
| 15 | 2-4-d-injury                |               16 |            2.34261 |
+----+-----------------------------+------------------+--------------------+
| 16 | diaporthe-pod-&-stem-blight |               15 |            2.19619 |
+----+-----------------------------+------------------+--------------------+
| 17 | cyst-nematode               |               14 |            2.04978 |
+----+-----------------------------+------------------+--------------------+
| 18 | herbicide-injury            |                8 |            1.1713  |
+----+-----------------------------+------------------+--------------------+
soybeans.csv Dataset

Total number of Rows in the dataset 683
+----+-----------------------------+------------------+--------------------+
|    | Class                       |   Number of Rows |   Class Percentage |
+====+=============================+==================+====================+
|  0 | brown-spot                  |               92 |           13.47    |
+----+-----------------------------+------------------+--------------------+
|  1 | frog-eye-leaf-spot          |               91 |           13.3236  |
+----+-----------------------------+------------------+--------------------+
|  2 | alternarialeaf-spot         |               91 |           13.3236  |
+----+-----------------------------+------------------+--------------------+
|  3 | phytophthora-rot            |               88 |           12.8843  |
+----+-----------------------------+------------------+--------------------+
|  4 | brown-stem-rot              |               44 |            6.44217 |
+----+-----------------------------+------------------+--------------------+
|  5 | anthracnose                 |               44 |            6.44217 |
+----+-----------------------------+------------------+--------------------+
|  6 | diaporthe-stem-canker       |               20 |            2.92826 |
+----+-----------------------------+------------------+--------------------+
|  7 | purple-seed-stain           |               20 |            2.92826 |
+----+-----------------------------+------------------+--------------------+
|  8 | phyllosticta-leaf-spot      |               20 |            2.92826 |
+----+-----------------------------+------------------+--------------------+
|  9 | bacterial-pustule           |               20 |            2.92826 |
+----+-----------------------------+------------------+--------------------+
| 10 | charcoal-rot                |               20 |            2.92826 |
+----+-----------------------------+------------------+--------------------+
| 11 | bacterial-blight            |               20 |            2.92826 |
+----+-----------------------------+------------------+--------------------+
| 12 | downy-mildew                |               20 |            2.92826 |
+----+-----------------------------+------------------+--------------------+
| 13 | powdery-mildew              |               20 |            2.92826 |
+----+-----------------------------+------------------+--------------------+
| 14 | rhizoctonia-root-rot        |               20 |            2.92826 |
+----+-----------------------------+------------------+--------------------+
| 15 | 2-4-d-injury                |               16 |            2.34261 |
+----+-----------------------------+------------------+--------------------+
| 16 | diaporthe-pod-&-stem-blight |               15 |            2.19619 |
+----+-----------------------------+------------------+--------------------+
| 17 | cyst-nematode               |               14 |            2.04978 |
+----+-----------------------------+------------------+--------------------+
| 18 | herbicide-injury            |                8 |            1.1713  |
+----+-----------------------------+------------------+--------------------+
