Task-04 Printing Accuracy for different values of k and m for Soybean.csv

File Name            k          m          Accuracy  
soybean.csv          0          0          75.33%    
soybean.csv          0          1          87.22%    
soybean.csv          0          2          84.10%    
soybean.csv          0          3          81.58%    
soybean.csv          1          0          75.33%    
soybean.csv          1          1          87.22%    
soybean.csv          1          2          84.55%    
soybean.csv          1          3          81.87%    
soybean.csv          2          0          75.33%    
soybean.csv          2          1          87.82%    
soybean.csv          2          2          84.70%    
soybean.csv          2          3          82.32%    
soybean.csv          3          0          75.33%    
soybean.csv          3          1          88.26%    
soybean.csv          3          2          84.84%    
soybean.csv          3          3          82.47%   

Best Accuracy is reached at:

    k:3 m:1 , Accuracy= 88.26